0 info it worked if it ends with ok
1 verbose cli [ 'c:\\Program Files\\nodejs\\node.exe',
1 verbose cli   'c:\\Program Files\\nodejs\\node_modules\\npm\\bin\\npm-cli.js',
1 verbose cli   'publish' ]
2 info using npm@2.5.1
3 info using node@v0.12.0
4 verbose publish [ '.' ]
5 silly cache add args [ '.', null ]
6 verbose cache add spec .
7 silly cache add parsed spec { raw: '.',
7 silly cache add   scope: null,
7 silly cache add   name: null,
7 silly cache add   rawSpec: '.',
7 silly cache add   spec: 'c:\\xampp\\htdocs\\testjs\\linkit\\jquery.linkIt',
7 silly cache add   type: 'directory' }
8 verbose addLocalDirectory C:\Users\Dhruv\AppData\Roaming\npm-cache\linkit\0.2.0\package.tgz not in flight; packing
9 verbose tar pack [ 'C:\\Users\\Dhruv\\AppData\\Roaming\\npm-cache\\linkit\\0.2.0\\package.tgz',
9 verbose tar pack   'c:\\xampp\\htdocs\\testjs\\linkit\\jquery.linkIt' ]
10 verbose tarball C:\Users\Dhruv\AppData\Roaming\npm-cache\linkit\0.2.0\package.tgz
11 verbose folder c:\xampp\htdocs\testjs\linkit\jquery.linkIt
12 info prepublish linkit@0.2.0
13 verbose addLocalTarball adding from inside cache C:\Users\Dhruv\AppData\Roaming\npm-cache\linkit\0.2.0\package.tgz
14 silly cache afterAdd linkit@0.2.0
15 verbose afterAdd C:\Users\Dhruv\AppData\Roaming\npm-cache\linkit\0.2.0\package\package.json not in flight; writing
16 verbose afterAdd C:\Users\Dhruv\AppData\Roaming\npm-cache\linkit\0.2.0\package\package.json written
17 silly publish { name: 'linkit',
17 silly publish   version: '0.2.0',
17 silly publish   description: 'to help link it',
17 silly publish   main: 'jquery.linkIt.js',
17 silly publish   scripts: { test: 'none' },
17 silly publish   repository:
17 silly publish    { type: 'git',
17 silly publish      url: 'https://github.com/ddemirates/jquery.linkit.git' },
17 silly publish   keywords: [ 'link', 'it' ],
17 silly publish   author: { name: 'dhruv dholakia' },
17 silly publish   license: 'GPL',
17 silly publish   bugs: { url: 'https://github.com/ddemirates/jquery.linkit/issues' },
17 silly publish   homepage: 'https://github.com/ddemirates/jquery.linkit',
17 silly publish   readme: 'Link It jQuery Plugin\r\n\r\nLinkIt is a simple jQuery plugin to attach links to elements.\r\n\r\nVersion:\r\n0.2.0\r\n\r\nUsage Area:\r\n            $(\'span\').linkIt({\r\n                    href: \'http://google.com\',\r\n                    text: \'Click me\',\r\n                    target: \'_blank\'\r\n                });\r\n\r\nVendors:\r\njQuery .[http://jquery.com](http://jquery.com)\r\n\r\nLicense:\r\nMIT License',
17 silly publish   readmeFilename: 'README.md',
17 silly publish   gitHead: '61080e791ca92516a2ab8cffc0cbd088de800ef7',
17 silly publish   _id: 'linkit@0.2.0',
17 silly publish   _shasum: '3c149e8314b4ebdd25279bca49b06100d5eb93af',
17 silly publish   _from: '.' }
18 silly mapToRegistry name linkit
19 silly mapToRegistry using default registry
20 silly mapToRegistry registry https://registry.npmjs.org/
21 silly mapToRegistry uri https://registry.npmjs.org/linkit
22 verbose publish registryBase https://registry.npmjs.org/
23 silly publish uploading C:\Users\Dhruv\AppData\Roaming\npm-cache\linkit\0.2.0\package.tgz
24 verbose request uri https://registry.npmjs.org/linkit
25 verbose request sending authorization for write operation
26 info attempt registry request try #1 at 11:50:08 PM
27 verbose request using bearer token for auth
28 verbose request id 4fff4d814e74cd89
29 http request PUT https://registry.npmjs.org/linkit
30 info retry will retry, error on last attempt: Error: getaddrinfo EAI_AGAIN
31 info attempt registry request try #2 at 11:50:18 PM
32 verbose request using bearer token for auth
33 http request PUT https://registry.npmjs.org/linkit
34 info retry will retry, error on last attempt: Error: getaddrinfo EAI_AGAIN
35 info attempt registry request try #3 at 11:51:18 PM
36 verbose request using bearer token for auth
37 http request PUT https://registry.npmjs.org/linkit
38 verbose request invalidating C:\Users\Dhruv\AppData\Roaming\npm-cache\registry.npmjs.org\linkit on PUT
39 error publish Failed PUT undefined
40 verbose stack Error: getaddrinfo EAI_AGAIN
40 verbose stack     at Object.exports._errnoException (util.js:746:11)
40 verbose stack     at errnoException (dns.js:49:15)
40 verbose stack     at GetAddrInfoReqWrap.onlookup [as oncomplete] (dns.js:94:26)
41 verbose cwd c:\xampp\htdocs\testjs\linkit\jquery.linkIt
42 error Windows_NT 6.3.9600
43 error argv "c:\\Program Files\\nodejs\\node.exe" "c:\\Program Files\\nodejs\\node_modules\\npm\\bin\\npm-cli.js" "publish"
44 error node v0.12.0
45 error npm  v2.5.1
46 error code EAI_AGAIN
47 error errno EAI_AGAIN
48 error syscall getaddrinfo
49 error getaddrinfo EAI_AGAIN
50 error If you need help, you may report this error at:
50 error     <http://github.com/npm/npm/issues>
51 verbose exit [ 1, true ]
